C51 COMPILER V9.54   MAIN                                                                  09/05/2018 03:06:11 PAGE 1   


C51 COMPILER V9.54, COMPILATION OF MODULE MAIN
OBJECT MODULE PLACED IN .\OUTPUT\main.obj
COMPILER INVOKED BY: C:\Keil_v5\C51\BIN\C51.EXE SRC\main.c LARGE OPTIMIZE(8,SPEED) BROWSE INTVECTOR(0X2000) INCDIR(.\INC
                    -;.\INC) DEBUG OBJECTEXTEND PRINT(.\files\main.lst) TABS(2) OBJECT(.\OUTPUT\main.obj)

line level    source

   1          #include "register.h"
   2          #include <intrins.h>
   3          #include "app.h"
   4          #include "initial.h"
   5          #include "typedef.h"
   6          #include "ISD51.H"
   7          
   8          #pragma mdu_r515
   9          
  10          
  11          Long_Data LD;
  12          
  13          unsigned char ubP0,ubP1,ubP2,k;
  14          unsigned int X,Y,Z;
  15          unsigned long ulZ,ulC,ulD;
  16          
  17          unsigned int uX,uY,uZ;
  18          
  19          unsigned char ubABC;
  20          
  21          
  22          
  23          
  24          
  25          //volatile unsigned char code reserved[256] _at_ 0x2003;
  26          
  27          int xdata  swADCResult8     _at_ 0xe06c;
  28          int swADCResultA8 = 0;
  29          
  30          //ISD51++++++++++++++++++++++++++
  31          #if ISDDebug == ENABLE_ISD
  32          
  33          void InitBreakPoint();
  34          
  35          #endif
  36          //++++++++++++++++++++++++++++++
  37          //sfr16 P1TBCTL = 0xa0;
  38          unsigned int AA;
  39          
  40          
  41          void main(void)
  42          {
  43   1      
  44   1      
  45   1          #if ISDDebug == DISABLE_ISD
                  sSystemClockConfig();
                  #endif
  48   1      //    EAL = 0;
  49   1          //ISD51++++++++++++++++++++++++++
  50   1          #if ISDDebug == ENABLE_ISD
  51   1          sInitUART1();
  52   1          InitBreakPoint();
  53   1          IP0 = 0x30;
  54   1          IP1 = 0x20;
C51 COMPILER V9.54   MAIN                                                                  09/05/2018 03:06:11 PAGE 2   

  55   1          ET0 = 0;
  56   1          EX6 = 0 ;
  57   1          //es0 = 1;
  58   1          ES = 1;
  59   1          EAL = 1;
  60   1          _nop_();
  61   1          _nop_();
  62   1          _nop_();
  63   1          while(1)
  64   1          {
  65   2              P10 = 0;
  66   2              P10 = 1;
  67   2              ISDcheck();      // initialize uVision2 Debugger and continue program run
  68   2              if((BPCTRL & 0x10) != 0) break;
  69   2          }
  70   1          _nop_();
  71   1          _nop_();
  72   1          _nop_();
  73   1          ET0 = 1;
  74   1          EX6 = 1;
  75   1          _nop_();
  76   1          _nop_();
  77   1          _nop_();
  78   1          #endif
  79   1          //++++++++++++++++++++++++++++++
  80   1          EAL = 1;    //enable all interrupts
  81   1          T01_CLK_DIV=0x0190;
  82   1        
  83   1         AA=XWORD[23];
  84   1      
  85   1        InitGPIO();
  86   1        
  87   1        InitADC();
  88   1        
  89   1      
  90   1      
  91   1      while(1)
  92   1          {
  93   2              #if ISDDebug == ENABLE_ISD
  94   2              ISDcheck();      // initialize uVision2 Debugger and continue program run
  95   2              #endif
  96   2          
  97   2          }
  98   1      }
  99          
 100          
 101          
 102          
 103          
 104          
 105          
 106          
 107          
 108          
 109          
 110          


MODULE INFORMATION:   STATIC OVERLAYABLE
   CODE SIZE        =    115    ----
   CONSTANT SIZE    =   ----    ----
   XDATA SIZE       =     37    ----
C51 COMPILER V9.54   MAIN                                                                  09/05/2018 03:06:11 PAGE 3   

   PDATA SIZE       =   ----    ----
   DATA SIZE        =   ----    ----
   IDATA SIZE       =   ----    ----
   BIT SIZE         =   ----    ----
END OF MODULE INFORMATION.


C51 COMPILATION COMPLETE.  0 WARNING(S),  0 ERROR(S)
